Flow report for iZero
Sun Nov 02 23:48:35 2025
Quartus Prime Version 20.1.0 Build 711 06/05/2020 SJ Lite Edition


---------------------
; Table of Contents ;
---------------------
  1. Legal Notice
  2. Flow Summary
  3. Flow Settings
  4. Flow Non-Default Global Settings
  5. Flow Elapsed Time
  6. Flow OS Summary
  7. Flow Log
  8. Flow Messages
  9. Flow Suppressed Messages



----------------
; Legal Notice ;
----------------
Copyright (C) 2020  Intel Corporation. All rights reserved.
Your use of Intel Corporation's design tools, logic functions 
and other software and tools, and any partner logic 
functions, and any output files from any of the foregoing 
(including device programming or simulation files), and any 
associated documentation or information are expressly subject 
to the terms and conditions of the Intel Program License 
Subscription Agreement, the Intel Quartus Prime License Agreement,
the Intel FPGA IP License Agreement, or other applicable license
agreement, including, without limitation, that your use is for
the sole purpose of programming logic devices manufactured by
Intel and sold by Intel or its authorized distributors.  Please
refer to the applicable agreement for further details, at
https://fpgasoftware.intel.com/eula.



+----------------------------------------------------------------------------------+
; Flow Summary                                                                     ;
+------------------------------------+---------------------------------------------+
; Flow Status                        ; Successful - Sun Nov 02 23:48:35 2025       ;
; Quartus Prime Version              ; 20.1.0 Build 711 06/05/2020 SJ Lite Edition ;
; Revision Name                      ; iZero                                       ;
; Top-level Entity Name              ; testeSemTemporizador                        ;
; Family                             ; Cyclone IV E                                ;
; Device                             ; EP4CE115F29C7                               ;
; Timing Models                      ; Final                                       ;
; Total logic elements               ; 261 / 114,480 ( < 1 % )                     ;
;     Total combinational functions  ; 233 / 114,480 ( < 1 % )                     ;
;     Dedicated logic registers      ; 155 / 114,480 ( < 1 % )                     ;
; Total registers                    ; 155                                         ;
; Total pins                         ; 334 / 529 ( 63 % )                          ;
; Total virtual pins                 ; 0                                           ;
; Total memory bits                  ; 2,048 / 3,981,312 ( < 1 % )                 ;
; Embedded Multiplier 9-bit elements ; 0 / 532 ( 0 % )                             ;
; Total PLLs                         ; 0 / 4 ( 0 % )                               ;
+------------------------------------+---------------------------------------------+


+-----------------------------------------+
; Flow Settings                           ;
+-------------------+---------------------+
; Option            ; Setting             ;
+-------------------+---------------------+
; Start date & time ; 11/02/2025 23:47:19 ;
; Main task         ; Compilation         ;
; Revision Name     ; iZero               ;
+-------------------+---------------------+


+---------------------------------------------------------------------------------------------------------------------------------------------------------+
; Flow Non-Default Global Settings                                                                                                                        ;
+--------------------------------------+-----------------------------------------------------+--------------------+----------------------+----------------+
; Assignment Name                      ; Value                                               ; Default Value      ; Entity Name          ; Section Id     ;
+--------------------------------------+-----------------------------------------------------+--------------------+----------------------+----------------+
; COMPILER_SIGNATURE_ID                ; 123598314675305.176213803924076                     ; --                 ; --                   ; --             ;
; EDA_GENERATE_FUNCTIONAL_NETLIST      ; On                                                  ; --                 ; --                   ; eda_simulation ;
; EDA_NETLIST_WRITER_OUTPUT_DIR        ; C:/Users/PC/Desktop/iZero_v3/iZero/simulation/qsim/ ; --                 ; --                   ; eda_simulation ;
; EDA_OUTPUT_DATA_FORMAT               ; Verilog Hdl                                         ; --                 ; --                   ; eda_simulation ;
; EDA_SIMULATION_TOOL                  ; ModelSim-Altera (Verilog)                           ; <None>             ; --                   ; --             ;
; FITTER_EFFORT                        ; Fast Fit                                            ; Auto Fit           ; --                   ; --             ;
; MAX_CORE_JUNCTION_TEMP               ; 85                                                  ; --                 ; --                   ; --             ;
; MIN_CORE_JUNCTION_TEMP               ; 0                                                   ; --                 ; --                   ; --             ;
; OPTIMIZATION_MODE                    ; Aggressive Power                                    ; Balanced           ; --                   ; --             ;
; OPTIMIZE_MULTI_CORNER_TIMING         ; Off                                                 ; On                 ; --                   ; --             ;
; OPTIMIZE_POWER_DURING_FITTING        ; Extra effort                                        ; Normal compilation ; --                   ; --             ;
; OPTIMIZE_POWER_DURING_SYNTHESIS      ; Extra effort                                        ; Normal compilation ; --                   ; --             ;
; OPTIMIZE_TIMING                      ; Off                                                 ; Normal compilation ; --                   ; --             ;
; OUTPUT_IO_TIMING_FAR_END_VMEAS       ; Half Signal Swing                                   ; --                 ; --                   ; --             ;
; OUTPUT_IO_TIMING_FAR_END_VMEAS       ; Half Signal Swing                                   ; --                 ; --                   ; --             ;
; OUTPUT_IO_TIMING_NEAR_END_VMEAS      ; Half Vccio                                          ; --                 ; --                   ; --             ;
; OUTPUT_IO_TIMING_NEAR_END_VMEAS      ; Half Vccio                                          ; --                 ; --                   ; --             ;
; PARTITION_COLOR                      ; -- (Not supported for targeted family)              ; --                 ; testeSemTemporizador ; Top            ;
; PARTITION_FITTER_PRESERVATION_LEVEL  ; -- (Not supported for targeted family)              ; --                 ; testeSemTemporizador ; Top            ;
; PARTITION_NETLIST_TYPE               ; -- (Not supported for targeted family)              ; --                 ; testeSemTemporizador ; Top            ;
; POWER_BOARD_THERMAL_MODEL            ; None (CONSERVATIVE)                                 ; --                 ; --                   ; --             ;
; POWER_PRESET_COOLING_SOLUTION        ; 23 MM HEAT SINK WITH 200 LFPM AIRFLOW               ; --                 ; --                   ; --             ;
; PROJECT_OUTPUT_DIRECTORY             ; output_files                                        ; --                 ; --                   ; --             ;
; ROUTER_TIMING_OPTIMIZATION_LEVEL     ; MINIMUM                                             ; Normal             ; --                   ; --             ;
; SAVE_DISK_SPACE                      ; Off                                                 ; On                 ; --                   ; --             ;
; SMART_RECOMPILE                      ; On                                                  ; Off                ; --                   ; --             ;
; SYNTH_TIMING_DRIVEN_SYNTHESIS        ; Off                                                 ; On                 ; --                   ; --             ;
; TIMING_ANALYZER_MULTICORNER_ANALYSIS ; Off                                                 ; On                 ; --                   ; --             ;
; TOP_LEVEL_ENTITY                     ; testeSemTemporizador                                ; iZero              ; --                   ; --             ;
+--------------------------------------+-----------------------------------------------------+--------------------+----------------------+----------------+


+--------------------------------------------------------------------------------------------------------------------------+
; Flow Elapsed Time                                                                                                        ;
+----------------------+--------------+-------------------------+---------------------+------------------------------------+
; Module Name          ; Elapsed Time ; Average Processors Used ; Peak Virtual Memory ; Total CPU Time (on all processors) ;
+----------------------+--------------+-------------------------+---------------------+------------------------------------+
; Analysis & Synthesis ; 00:00:10     ; 1.0                     ; 4752 MB             ; 00:00:22                           ;
; Fitter               ; 00:00:33     ; 1.0                     ; 5681 MB             ; 00:00:45                           ;
; Assembler            ; 00:00:03     ; 1.0                     ; 4836 MB             ; 00:00:03                           ;
; Timing Analyzer      ; 00:00:02     ; 1.2                     ; 4873 MB             ; 00:00:02                           ;
; EDA Netlist Writer   ; 00:00:00     ; 1.0                     ; 4658 MB             ; 00:00:00                           ;
; EDA Netlist Writer   ; 00:00:01     ; 1.0                     ; 4649 MB             ; 00:00:01                           ;
; EDA Netlist Writer   ; 00:00:01     ; 1.0                     ; 4658 MB             ; 00:00:01                           ;
; Total                ; 00:00:50     ; --                      ; --                  ; 00:01:14                           ;
+----------------------+--------------+-------------------------+---------------------+------------------------------------+


+------------------------------------------------------------------------------------+
; Flow OS Summary                                                                    ;
+----------------------+------------------+------------+------------+----------------+
; Module Name          ; Machine Hostname ; OS Name    ; OS Version ; Processor type ;
+----------------------+------------------+------------+------------+----------------+
; Analysis & Synthesis ; Jonatas          ; Windows 10 ; 10.0       ; x86_64         ;
; Fitter               ; Jonatas          ; Windows 10 ; 10.0       ; x86_64         ;
; Assembler            ; Jonatas          ; Windows 10 ; 10.0       ; x86_64         ;
; Timing Analyzer      ; Jonatas          ; Windows 10 ; 10.0       ; x86_64         ;
; EDA Netlist Writer   ; Jonatas          ; Windows 10 ; 10.0       ; x86_64         ;
; EDA Netlist Writer   ; Jonatas          ; Windows 10 ; 10.0       ; x86_64         ;
; EDA Netlist Writer   ; Jonatas          ; Windows 10 ; 10.0       ; x86_64         ;
+----------------------+------------------+------------+------------+----------------+


------------
; Flow Log ;
------------
quartus_map --read_settings_files=on --write_settings_files=off iZero -c iZero
quartus_fit --read_settings_files=off --write_settings_files=off iZero -c iZero
quartus_asm --read_settings_files=off --write_settings_files=off iZero -c iZero
quartus_sta iZero -c iZero
quartus_eda --read_settings_files=off --write_settings_files=off iZero -c iZero
quartus_eda --gen_testbench --tool=modelsim_oem --format=verilog --write_settings_files=off iZero -c iZero --vector_source=C:/TesteLabFPGA-DEV/SO/Waveform26.vwf --testbench_file=C:/TesteLabFPGA-DEV/SO/simulation/qsim/Waveform26.vwf.vt
quartus_eda --write_settings_files=off --simulation=on --functional=on --flatten_buses=off --tool=modelsim_oem --format=verilog --output_directory=C:/TesteLabFPGA-DEV/SO/simulation/qsim/ iZero -c iZero



